<?xml version="1.0" encoding="UTF-8"?>
<!-- Generated by org.testng.reporters.JUnitReportReporter -->
<testsuite hostname="paresh-PC" name="com.ee.mavenlearning.com.ee.gmail.demo" tests="1" failures="0" timestamp="2 Jul 2016 08:22:46 GMT" time="13.472" errors="0">
  <testcase name="open" time="13.472" classname="com.ee.mavenlearning.com.ee.gmail.demo"/>
</testsuite> <!-- com.ee.mavenlearning.com.ee.gmail.demo -->
