<?xml version="1.0" encoding="UTF-8"?>
<!-- Generated by org.testng.reporters.JUnitReportReporter -->
<testsuite hostname="paresh-PC" name="com.ee.mavenlearning.com.ee.gmail.signin" tests="1" failures="0" timestamp="6 Jul 2016 03:48:35 GMT" time="13.291" errors="0">
  <testcase name="sign_in" time="13.291" classname="com.ee.mavenlearning.com.ee.gmail.signin"/>
</testsuite> <!-- com.ee.mavenlearning.com.ee.gmail.signin -->
